c:\users\richard\desktop\new folder\dx maze game resubmission\dx maze game\debug\vc120.pdb
c:\users\richard\desktop\new folder\dx maze game resubmission\dx maze game\debug\vc120.idb
c:\users\richard\desktop\new folder\dx maze game resubmission\dx maze game\debug\camera.obj
c:\users\richard\desktop\new folder\dx maze game resubmission\dx maze game\debug\d3dapp.obj
c:\users\richard\desktop\new folder\dx maze game resubmission\dx maze game\debug\d3dutil.obj
c:\users\richard\desktop\new folder\dx maze game resubmission\dx maze game\debug\dx maze game.obj
c:\users\richard\desktop\new folder\dx maze game resubmission\dx maze game\debug\effects.obj
c:\users\richard\desktop\new folder\dx maze game resubmission\dx maze game\debug\enemy.obj
c:\users\richard\desktop\new folder\dx maze game resubmission\dx maze game\debug\gametimer.obj
c:\users\richard\desktop\new folder\dx maze game resubmission\dx maze game\debug\geometrygenerator.obj
c:\users\richard\desktop\new folder\dx maze game resubmission\dx maze game\debug\graph.obj
c:\users\richard\desktop\new folder\dx maze game resubmission\dx maze game\debug\lighting.obj
c:\users\richard\desktop\new folder\dx maze game resubmission\dx maze game\debug\mathhelper.obj
c:\users\richard\desktop\new folder\dx maze game resubmission\dx maze game\debug\particlesystem.obj
c:\users\richard\desktop\new folder\dx maze game resubmission\dx maze game\debug\renderstates.obj
c:\users\richard\desktop\new folder\dx maze game resubmission\dx maze game\debug\sky.obj
c:\users\richard\desktop\new folder\dx maze game resubmission\dx maze game\debug\texturemgr.obj
c:\users\richard\desktop\new folder\dx maze game resubmission\dx maze game\debug\vertex.obj
c:\users\richard\desktop\new folder\dx maze game resubmission\dx maze game\fx\sky.fxo
c:\users\richard\desktop\new folder\dx maze game resubmission\dx maze game\fx\basic.fxo
c:\users\richard\desktop\new folder\dx maze game resubmission\dx maze game\fx\explosion.fxo
c:\users\richard\desktop\new folder\dx maze game resubmission\dx maze game\fx\fire.fxo
c:\users\richard\desktop\new folder\dx maze game resubmission\dx maze game\fx\smoke.fxo
c:\users\richard\desktop\new folder\dx maze game resubmission\dx maze game\fx\spark.fxo
c:\users\richard\desktop\new folder\dx maze game resubmission\debug\dx maze game.ilk
c:\users\richard\desktop\new folder\dx maze game resubmission\debug\dx maze game.exe
c:\users\richard\desktop\new folder\dx maze game resubmission\debug\dx maze game.pdb
c:\users\richard\desktop\new folder\dx maze game resubmission\dx maze game\debug\dx maze game.tlog\cl.command.1.tlog
c:\users\richard\desktop\new folder\dx maze game resubmission\dx maze game\debug\dx maze game.tlog\cl.read.1.tlog
c:\users\richard\desktop\new folder\dx maze game resubmission\dx maze game\debug\dx maze game.tlog\cl.write.1.tlog
c:\users\richard\desktop\new folder\dx maze game resubmission\dx maze game\debug\dx maze game.tlog\custombuild.command.1.tlog
c:\users\richard\desktop\new folder\dx maze game resubmission\dx maze game\debug\dx maze game.tlog\custombuild.read.1.tlog
c:\users\richard\desktop\new folder\dx maze game resubmission\dx maze game\debug\dx maze game.tlog\custombuild.write.1.tlog
c:\users\richard\desktop\new folder\dx maze game resubmission\dx maze game\debug\dx maze game.tlog\link.command.1.tlog
c:\users\richard\desktop\new folder\dx maze game resubmission\dx maze game\debug\dx maze game.tlog\link.read.1.tlog
c:\users\richard\desktop\new folder\dx maze game resubmission\dx maze game\debug\dx maze game.tlog\link.write.1.tlog
